2025-01-02 22:37:10,828 [Worker-1: Loading available Gradle versions] INFO  o.e.b.c.i.u.g.PublishedGradleVersions - Gradle version information cache is not available. Remote download required.
2025-01-02 22:38:37,906 [Worker-0: Importing Maven projects] INFO  o.e.m.c.i.l.LifecycleMappingFactory - Using org.eclipse.m2e.jdt.JarLifecycleMapping lifecycle mapping for MavenProject: com.hms:HMSApp:0.0.1-SNAPSHOT @ C:\Users\Admin\Desktop\HMSApp-main (1)\HMSApp-main\HMSApp\pom.xml.
2025-01-02 22:38:47,311 [Worker-0: Importing Maven projects] INFO  o.e.m.c.i.l.LifecycleMappingFactory - Using org.eclipse.m2e.jdt.JarLifecycleMapping lifecycle mapping for MavenProject: com.hms:HMSAppUI:0.0.1-SNAPSHOT @ C:\Users\Admin\Desktop\HMSApp-main (1)\HMSApp-main\HMSAppUI\pom.xml.
2025-01-02 22:38:58,245 [Worker-0: Importing Maven projects] INFO  o.e.m.j.i.AbstractJavaProjectConfigurator - Adding source folder /HMSAppUI/src/main/java
2025-01-02 22:38:58,250 [Worker-0: Importing Maven projects] INFO  o.e.m.j.i.AbstractJavaProjectConfigurator - Adding resource folder /HMSAppUI/src/main/resources
2025-01-02 22:38:58,281 [Worker-0: Importing Maven projects] INFO  o.e.m.j.i.AbstractJavaProjectConfigurator - Adding resource folder /HMSAppUI/src/main/resources
2025-01-02 22:38:58,403 [Worker-0: Importing Maven projects] INFO  o.e.m.j.i.AbstractJavaProjectConfigurator - Adding source folder /HMSAppUI/src/test/java
2025-01-02 22:38:58,406 [Worker-0: Importing Maven projects] INFO  o.e.m.j.i.AbstractJavaProjectConfigurator - Adding resource folder /HMSAppUI/src/test/resources
2025-01-02 22:39:10,507 [Worker-0: Importing Maven projects] INFO  o.e.m.j.i.AbstractJavaProjectConfigurator - Adding source folder /HMSApp/src/main/java
2025-01-02 22:39:10,509 [Worker-0: Importing Maven projects] INFO  o.e.m.j.i.AbstractJavaProjectConfigurator - Adding resource folder /HMSApp/src/main/resources
2025-01-02 22:39:10,521 [Worker-0: Importing Maven projects] INFO  o.e.m.j.i.AbstractJavaProjectConfigurator - Adding resource folder /HMSApp/src/main/resources
2025-01-02 22:39:10,533 [Worker-0: Importing Maven projects] INFO  o.e.m.j.i.AbstractJavaProjectConfigurator - Adding source folder /HMSApp/src/test/java
2025-01-02 22:39:10,537 [Worker-0: Importing Maven projects] INFO  o.e.m.j.i.AbstractJavaProjectConfigurator - Adding resource folder /HMSApp/src/test/resources
2025-01-02 22:39:17,395 [Worker-0: Importing Maven projects] INFO  o.e.m.c.i.p.ProjectConfigurationManager - Imported and configured 2 project(s) in 59 sec
2025-01-02 22:39:18,656 [Worker-7: Updating Maven Project] INFO  o.e.m.c.i.p.ProjectConfigurationManager - Update started
2025-01-02 22:39:19,900 [Worker-7: Updating Maven Project] INFO  o.e.m.c.i.l.LifecycleMappingFactory - Using org.eclipse.m2e.jdt.JarLifecycleMapping lifecycle mapping for MavenProject: com.hms:HMSApp:0.0.1-SNAPSHOT @ C:\Users\Admin\Desktop\HMSApp-main (1)\HMSApp-main\HMSApp\pom.xml.
2025-01-02 22:39:22,024 [Worker-7: Updating Maven Project] INFO  o.e.m.j.i.AbstractJavaProjectConfigurator - Adding source folder /HMSApp/src/main/java
2025-01-02 22:39:22,027 [Worker-7: Updating Maven Project] INFO  o.e.m.j.i.AbstractJavaProjectConfigurator - Adding resource folder /HMSApp/src/main/resources
2025-01-02 22:39:22,028 [Worker-7: Updating Maven Project] INFO  o.e.m.j.i.AbstractJavaProjectConfigurator - Adding resource folder /HMSApp/src/main/resources
2025-01-02 22:39:22,029 [Worker-7: Updating Maven Project] INFO  o.e.m.j.i.AbstractJavaProjectConfigurator - Adding source folder /HMSApp/src/test/java
2025-01-02 22:39:22,031 [Worker-7: Updating Maven Project] INFO  o.e.m.j.i.AbstractJavaProjectConfigurator - Adding resource folder /HMSApp/src/test/resources
2025-01-02 22:39:23,156 [Worker-7: Updating Maven Project] INFO  o.e.m.c.i.p.ProjectConfigurationManager - Update completed for 1 poms: local refresh takes 0.00 sec, refresh facades takes 3.00 sec, update config takes 0.00 sec 
2025-01-02 22:39:27,433 [Worker-0: Building] INFO  o.a.m.s.f.DefaultMavenResourcesFiltering - Copying 1 resource from src\main\resources to target\classes
2025-01-02 22:39:27,506 [Worker-0: Building] INFO  o.a.m.s.f.DefaultMavenResourcesFiltering - Copying 0 resource from src\main\resources to target\classes
2025-01-02 22:39:27,515 [Worker-0: Building] INFO  o.a.m.s.f.DefaultMavenResourcesFiltering - skip non existing resourceDirectory C:\Users\Admin\Desktop\HMSApp-main (1)\HMSApp-main\HMSApp\src\test\resources
2025-01-02 22:39:30,301 [Worker-0: Building] INFO  o.a.m.s.f.DefaultMavenResourcesFiltering - Copying 1 resource from src\main\resources to target\classes
2025-01-02 22:39:30,337 [Worker-0: Building] INFO  o.a.m.s.f.DefaultMavenResourcesFiltering - Copying 67 resources from src\main\resources to target\classes
2025-01-02 22:39:31,327 [Worker-0: Building] INFO  o.a.m.s.f.DefaultMavenResourcesFiltering - skip non existing resourceDirectory C:\Users\Admin\Desktop\HMSApp-main (1)\HMSApp-main\HMSAppUI\src\test\resources
2025-01-02 22:49:39,185 [Worker-16: Building] INFO  o.a.m.s.f.DefaultMavenResourcesFiltering - Copying 0 resource from src\main\resources to target\classes
2025-01-02 22:49:39,224 [Worker-16: Building] INFO  o.a.m.s.f.DefaultMavenResourcesFiltering - Copying 1 resource from src\main\resources to target\classes
2025-01-02 22:49:39,236 [Worker-16: Building] INFO  o.a.m.s.f.DefaultMavenResourcesFiltering - skip non existing resourceDirectory C:\Users\Admin\Desktop\HMSApp-main (1)\HMSApp-main\HMSAppUI\src\test\resources
2025-01-02 22:50:47,263 [Worker-22: Building] INFO  o.a.m.s.f.DefaultMavenResourcesFiltering - Copying 0 resource from src\main\resources to target\classes
2025-01-02 22:50:47,287 [Worker-22: Building] INFO  o.a.m.s.f.DefaultMavenResourcesFiltering - Copying 1 resource from src\main\resources to target\classes
2025-01-02 22:50:47,296 [Worker-22: Building] INFO  o.a.m.s.f.DefaultMavenResourcesFiltering - skip non existing resourceDirectory C:\Users\Admin\Desktop\HMSApp-main (1)\HMSApp-main\HMSAppUI\src\test\resources
2025-01-02 22:54:42,443 [Worker-21: Building] INFO  o.a.m.s.f.DefaultMavenResourcesFiltering - Copying 0 resource from src\main\resources to target\classes
2025-01-02 22:54:42,484 [Worker-21: Building] INFO  o.a.m.s.f.DefaultMavenResourcesFiltering - Copying 1 resource from src\main\resources to target\classes
2025-01-02 22:54:42,767 [Worker-21: Building] INFO  o.a.m.s.f.DefaultMavenResourcesFiltering - skip non existing resourceDirectory C:\Users\Admin\Desktop\HMSApp-main (1)\HMSApp-main\HMSAppUI\src\test\resources
2025-01-02 23:22:47,464 [Worker-3: Loading available Gradle versions] INFO  o.e.b.c.i.u.g.PublishedGradleVersions - Gradle version information cache is up-to-date. Trying to read.
2025-01-02 23:23:40,806 [Worker-19: Launching HMSAppUI - HmsAppUiApplication] INFO  o.a.m.s.f.DefaultMavenResourcesFiltering - Copying 1 resource from src\main\resources to target\classes
2025-01-02 23:23:40,903 [Worker-19: Launching HMSAppUI - HmsAppUiApplication] INFO  o.a.m.s.f.DefaultMavenResourcesFiltering - Copying 67 resources from src\main\resources to target\classes
2025-01-02 23:23:42,262 [Worker-19: Launching HMSAppUI - HmsAppUiApplication] INFO  o.a.m.s.f.DefaultMavenResourcesFiltering - skip non existing resourceDirectory C:\Users\Admin\Desktop\HMSApp-main (1)\HMSApp-main\HMSAppUI\src\test\resources
2025-01-02 23:24:10,650 [Worker-12: Building] INFO  o.a.m.s.f.DefaultMavenResourcesFiltering - Copying 1 resource from src\main\resources to target\classes
2025-01-02 23:24:10,795 [Worker-12: Building] INFO  o.a.m.s.f.DefaultMavenResourcesFiltering - Copying 0 resource from src\main\resources to target\classes
2025-01-02 23:24:10,805 [Worker-12: Building] INFO  o.a.m.s.f.DefaultMavenResourcesFiltering - skip non existing resourceDirectory C:\Users\Admin\Desktop\HMSApp-main (1)\HMSApp-main\HMSApp\src\test\resources
